<testsuite errors="0" failures="0" name="tests_gpio_overhead" skipped="0" tests="7" time="4501.231"><testcase classname="tests_gpio_overhead.Sleep Jitter" name="Base Jitter" time="642.215"><properties>
[...]
</properties></testcase><testcase classname="tests_gpio_overhead.Sleep Jitter" name="5 BG Timers" time="642.301"><properties>
[...]
</properties></testcase><testcase classname="tests_gpio_overhead.Sleep Jitter" name="10 BG Timers" time="642.421"><properties>
[...]
</properties></testcase><testcase classname="tests_gpio_overhead.Sleep Jitter" name="15 BG Timers" time="642.466"><properties>
[...]
</properties></testcase><testcase classname="tests_gpio_overhead.Sleep Jitter" name="20 BG Timers" time="642.659"><properties>
[...]
</properties></testcase><testcase classname="tests_gpio_overhead.Sleep Jitter" name="25 BG Timers" time="642.75"><properties>
[...]
</properties></testcase><testcase classname="tests_gpio_overhead.Sleep Jitter" name="30 BG Timers" time="642.939"><properties>
[...]
</properties></testcase></testsuite>