<testsuite errors="0" failures="0" name="tests_gpio_overhead" skipped="0" tests="7" time="4499.549"><testcase classname="tests_gpio_overhead.Sleep Jitter" name="Base Jitter" time="641.972"><properties>
[...]
</properties></testcase><testcase classname="tests_gpio_overhead.Sleep Jitter" name="5 BG Timers" time="641.958"><properties>
[...]
</properties></testcase><testcase classname="tests_gpio_overhead.Sleep Jitter" name="10 BG Timers" time="642.09"><properties>
[...]
</properties></testcase><testcase classname="tests_gpio_overhead.Sleep Jitter" name="15 BG Timers" time="642.108"><properties>
[...]
</properties></testcase><testcase classname="tests_gpio_overhead.Sleep Jitter" name="20 BG Timers" time="642.179"><properties>
[...]
</properties></testcase><testcase classname="tests_gpio_overhead.Sleep Jitter" name="25 BG Timers" time="642.82"><properties>
[...]
</properties></testcase><testcase classname="tests_gpio_overhead.Sleep Jitter" name="30 BG Timers" time="642.949"><properties>
[...]
</properties></testcase></testsuite>